# JRE version: OpenJDK Runtime Environment (26.0.1+8) (build 26.0.1+8-34)
# Java VM: OpenJDK 64-Bit Server VM (26.0.1+8-34, mixed mode, emulated-client, sharing, tiered, compressed oops, compressed class ptrs, g1 gc, windows-amd64)
GC Precious Log:
 CardTable entry size: 512
 Card Set container configuration: InlinePtr #cards 5 size 8 Array Of Cards #cards 10 size 36 Howl #buckets 4 coarsen threshold 1843 Howl Bitmap #cards 512 size 80 coarsen threshold 460 Card regions per heap region 1 cards per card region 2048
 CPUs: 4 total, 4 available
 Memory: 8066M
 Large Page Support: Disabled
 NUMA Support: Disabled
 Compressed Oops: Enabled (32-bit)
 Heap Region Size: 1M
 Heap Min Capacity: 8M
 Heap Initial Capacity: 8M
 Heap Max Capacity: 2018M
 Pre-touch: Disabled
 Parallel Workers: 4
 Concurrent Workers: 1
 Concurrent Refinement Workers: 4
 Periodic GC: Disabled
Heap:
 garbage-first heap   total reserved 2066432K, committed 110592K, used 61956K [0x0000000081e00000, 0x0000000100000000)
  region size 1M, 42 eden (42M), 2 survivor (2M), 18 old (18M), 2 humongous (2M), 44 free (44M)
GC Heap Usage History (20 events):
Event: 3.107 {heap Before GC invocations=10 (full 0):
 garbage-first heap   total reserved 2066432K, committed 36864K, used 20976K [0x0000000081e00000, 0x0000000100000000)
  region size 1M, 13 eden (13M), 1 survivor (1M), 6 old (6M), 2 humongous (2M), 14 free (14M)
}
Event: 3.111 {heap After GC invocations=11 (full 0):
 garbage-first heap   total reserved 2066432K, committed 36864K, used 9797K [0x0000000081e00000, 0x0000000100000000)
  region size 1M, 0 eden (0M), 2 survivor (2M), 6 old (6M), 2 humongous (2M), 26 free (26M)
}
Event: 3.702 {heap Before GC invocations=11 (full 0):
 garbage-first heap   total reserved 2066432K, committed 36864K, used 23109K [0x0000000081e00000, 0x0000000100000000)
  region size 1M, 14 eden (14M), 2 survivor (2M), 6 old (6M), 2 humongous (2M), 12 free (12M)
}
Event: 3.707 {heap After GC invocations=12 (full 0):
 garbage-first heap   total reserved 2066432K, committed 36864K, used 10810K [0x0000000081e00000, 0x0000000100000000)
  region size 1M, 0 eden (0M), 2 survivor (2M), 8 old (8M), 2 humongous (2M), 24 free (24M)
}
Event: 4.567 {heap Before GC invocations=12 (full 0):
 garbage-first heap   total reserved 2066432K, committed 36864K, used 25146K [0x0000000081e00000, 0x0000000100000000)
  region size 1M, 15 eden (15M), 2 survivor (2M), 8 old (8M), 2 humongous (2M), 9 free (9M)
}
Event: 4.571 {heap After GC invocations=13 (full 0):
 garbage-first heap   total reserved 2066432K, committed 36864K, used 11980K [0x0000000081e00000, 0x0000000100000000)
  region size 1M, 0 eden (0M), 3 survivor (3M), 8 old (8M), 2 humongous (2M), 23 free (23M)
}
Event: 4.894 {heap Before GC invocations=13 (full 0):
 garbage-first heap   total reserved 2066432K, committed 36864K, used 27340K [0x0000000081e00000, 0x0000000100000000)
  region size 1M, 16 eden (16M), 3 survivor (3M), 8 old (8M), 2 humongous (2M), 7 free (7M)
}
Event: 4.898 {heap After GC invocations=14 (full 0):
 garbage-first heap   total reserved 2066432K, committed 36864K, used 12990K [0x0000000081e00000, 0x0000000100000000)
  region size 1M, 0 eden (0M), 3 survivor (3M), 9 old (9M), 2 humongous (2M), 22 free (22M)
}
Event: 5.429 {heap Before GC invocations=14 (full 0):
 garbage-first heap   total reserved 2066432K, committed 36864K, used 28350K [0x0000000081e00000, 0x0000000100000000)
  region size 1M, 16 eden (16M), 3 survivor (3M), 9 old (9M), 2 humongous (2M), 6 free (6M)
}
Event: 5.433 {heap After GC invocations=15 (full 0):
 garbage-first heap   total reserved 2066432K, committed 36864K, used 14532K [0x0000000081e00000, 0x0000000100000000)
  region size 1M, 0 eden (0M), 3 survivor (3M), 10 old (10M), 2 humongous (2M), 21 free (21M)
}
Event: 5.434 {heap Before GC invocations=15 (full 0):
 garbage-first heap   total reserved 2066432K, committed 36864K, used 14532K [0x0000000081e00000, 0x0000000100000000)
  region size 1M, 1 eden (1M), 3 survivor (3M), 10 old (10M), 2 humongous (2M), 20 free (20M)
}
Event: 5.438 {heap After GC invocations=16 (full 0):
 garbage-first heap   total reserved 2066432K, committed 36864K, used 14989K [0x0000000081e00000, 0x0000000100000000)
  region size 1M, 0 eden (0M), 1 survivor (1M), 13 old (13M), 2 humongous (2M), 20 free (20M)
}
Event: 6.101 {heap Before GC invocations=17 (full 0):
 garbage-first heap   total reserved 2066432K, committed 36864K, used 30349K [0x0000000081e00000, 0x0000000100000000)
  region size 1M, 15 eden (15M), 1 survivor (1M), 13 old (13M), 2 humongous (2M), 5 free (5M)
}
Event: 6.104 {heap After GC invocations=18 (full 0):
 garbage-first heap   total reserved 2066432K, committed 36864K, used 16983K [0x0000000081e00000, 0x0000000100000000)
  region size 1M, 0 eden (0M), 2 survivor (2M), 13 old (13M), 2 humongous (2M), 19 free (19M)
}
Event: 6.723 {heap Before GC invocations=18 (full 0):
 garbage-first heap   total reserved 2066432K, committed 36864K, used 30295K [0x0000000081e00000, 0x0000000100000000)
  region size 1M, 14 eden (14M), 2 survivor (2M), 13 old (13M), 2 humongous (2M), 5 free (5M)
}
Event: 6.726 {heap After GC invocations=19 (full 0):
 garbage-first heap   total reserved 2066432K, committed 36864K, used 18530K [0x0000000081e00000, 0x0000000100000000)
  region size 1M, 0 eden (0M), 2 survivor (2M), 15 old (15M), 2 humongous (2M), 17 free (17M)
}
Event: 7.241 {heap Before GC invocations=19 (full 0):
 garbage-first heap   total reserved 2066432K, committed 36864K, used 30818K [0x0000000081e00000, 0x0000000100000000)
  region size 1M, 12 eden (12M), 2 survivor (2M), 15 old (15M), 2 humongous (2M), 5 free (5M)
}
Event: 7.245 {heap After GC invocations=20 (full 0):
 garbage-first heap   total reserved 2066432K, committed 36864K, used 19939K [0x0000000081e00000, 0x0000000100000000)
  region size 1M, 0 eden (0M), 2 survivor (2M), 16 old (16M), 2 humongous (2M), 16 free (16M)
}
Event: 7.576 {heap Before GC invocations=21 (full 0):
 garbage-first heap   total reserved 2066432K, committed 36864K, used 32227K [0x0000000081e00000, 0x0000000100000000)
  region size 1M, 12 eden (12M), 2 survivor (2M), 16 old (16M), 2 humongous (2M), 4 free (4M)
}
Event: 7.579 {heap After GC invocations=22 (full 0):
 garbage-first heap   total reserved 2066432K, committed 110592K, used 20996K [0x0000000081e00000, 0x0000000100000000)
  region size 1M, 0 eden (0M), 2 survivor (2M), 18 old (18M), 2 humongous (2M), 86 free (86M)
}

